01.12.2022 10:37:18.281 [background-preinit] INFO - HV000001: Hibernate Validator 5.4.1.Final
01.12.2022 10:37:18.322 [main] INFO - Starting HospitalApplication on VICTORY with PID 21500 (D:\3 kurs\labs\JAVA\js\Hospital\Hospital\target\classes started by VICTORY in D:\3 kurs\labs\JAVA\js\Hospital)
01.12.2022 10:37:18.322 [main] INFO - No active profile set, falling back to default profiles: default
01.12.2022 10:37:20.000 [main] INFO - Bootstrapping Spring Data JPA repositories in DEFERRED mode.
01.12.2022 10:37:20.239 [main] INFO - Finished Spring Data repository scanning in 226ms. Found 9 JPA repository interfaces.
01.12.2022 10:37:21.495 [main] INFO - Tomcat initialized with port(s): 8075 (http)
01.12.2022 10:37:21.511 [main] INFO - Initializing ProtocolHandler ["http-nio-8075"]
01.12.2022 10:37:21.511 [main] INFO - Starting service [Tomcat]
01.12.2022 10:37:21.511 [main] INFO - Starting Servlet engine: [Apache Tomcat/9.0.38]
01.12.2022 10:37:21.855 [main] INFO - Initializing Spring embedded WebApplicationContext
01.12.2022 10:37:21.855 [main] INFO - Root WebApplicationContext: initialization completed in 3402 ms
01.12.2022 10:37:22.242 [main] INFO - Initializing ExecutorService 'applicationTaskExecutor'
01.12.2022 10:37:22.343 [task-1] INFO - HHH000204: Processing PersistenceUnitInfo [name: default]
01.12.2022 10:37:22.492 [task-1] INFO - HHH000412: Hibernate ORM core version 5.4.21.Final
01.12.2022 10:37:22.757 [main] WARN - spring.jpa.open-in-view is enabled by default. Therefore, database queries may be performed during view rendering. Explicitly configure spring.jpa.open-in-view to disable this warning
01.12.2022 10:37:22.846 [task-1] INFO - HCANN000001: Hibernate Commons Annotations {5.1.0.Final}
01.12.2022 10:37:23.103 [task-1] INFO - HikariPool-1 - Starting...
01.12.2022 10:37:23.371 [main] INFO - Adding welcome page template: index
01.12.2022 10:37:24.528 [task-1] INFO - HikariPool-1 - Start completed.
01.12.2022 10:37:24.645 [task-1] INFO - HHH000400: Using dialect: org.hibernate.dialect.MySQL8Dialect
01.12.2022 10:37:25.351 [main] INFO - Creating filter chain: any request, [org.springframework.security.web.context.request.async.WebAsyncManagerIntegrationFilter@10a907ec, org.springframework.security.web.context.SecurityContextPersistenceFilter@8f57e4c, org.springframework.security.web.header.HeaderWriterFilter@6aff97d6, org.springframework.security.web.authentication.logout.LogoutFilter@2b7facc7, by.bolvako.Hospital.security.jwt.JwtTokenFilter@59b492ec, org.springframework.security.web.savedrequest.RequestCacheAwareFilter@66451058, org.springframework.security.web.servletapi.SecurityContextHolderAwareRequestFilter@120df990, org.springframework.security.web.authentication.AnonymousAuthenticationFilter@55c1ced9, org.springframework.security.web.session.SessionManagementFilter@130a6eb9, org.springframework.security.web.access.ExceptionTranslationFilter@27c53c32, org.springframework.security.web.access.intercept.FilterSecurityInterceptor@6befbb12]
01.12.2022 10:37:25.446 [main] INFO - Starting ProtocolHandler ["http-nio-8075"]
01.12.2022 10:37:25.512 [main] INFO - Tomcat started on port(s): 8075 (http) with context path ''
01.12.2022 10:37:25.512 [main] INFO - Triggering deferred initialization of Spring Data repositories…
01.12.2022 10:37:26.493 [task-1] INFO - HHH000490: Using JtaPlatform implementation: [org.hibernate.engine.transaction.jta.platform.internal.NoJtaPlatform]
01.12.2022 10:37:26.509 [task-1] INFO - Initialized JPA EntityManagerFactory for persistence unit 'default'
01.12.2022 10:37:27.285 [main] INFO - Spring Data repositories initialized!
01.12.2022 10:37:27.316 [main] INFO - Started HospitalApplication in 9.653 seconds (JVM running for 12.167)
01.12.2022 10:38:18.038 [SpringContextShutdownHook] INFO - Closing JPA EntityManagerFactory for persistence unit 'default'
01.12.2022 10:38:18.040 [SpringContextShutdownHook] INFO - Shutting down ExecutorService 'applicationTaskExecutor'
01.12.2022 10:38:18.041 [SpringContextShutdownHook] INFO - HikariPool-1 - Shutdown initiated...
01.12.2022 10:38:18.069 [SpringContextShutdownHook] INFO - HikariPool-1 - Shutdown completed.
01.12.2022 10:43:30.463 [background-preinit] INFO - HV000001: Hibernate Validator 5.4.1.Final
01.12.2022 10:43:30.503 [main] INFO - Starting HospitalApplication on VICTORY with PID 21880 (D:\3 kurs\labs\JAVA\js\Hospital\Hospital\target\classes started by VICTORY in D:\3 kurs\labs\JAVA\js\Hospital)
01.12.2022 10:43:30.506 [main] INFO - No active profile set, falling back to default profiles: default
01.12.2022 10:43:32.213 [main] INFO - Bootstrapping Spring Data JPA repositories in DEFERRED mode.
01.12.2022 10:43:32.415 [main] INFO - Finished Spring Data repository scanning in 190ms. Found 9 JPA repository interfaces.
01.12.2022 10:43:33.766 [main] INFO - Tomcat initialized with port(s): 8075 (http)
01.12.2022 10:43:33.783 [main] INFO - Initializing ProtocolHandler ["http-nio-8075"]
01.12.2022 10:43:33.784 [main] INFO - Starting service [Tomcat]
01.12.2022 10:43:33.785 [main] INFO - Starting Servlet engine: [Apache Tomcat/9.0.38]
01.12.2022 10:43:34.161 [main] INFO - Initializing Spring embedded WebApplicationContext
01.12.2022 10:43:34.162 [main] INFO - Root WebApplicationContext: initialization completed in 3538 ms
01.12.2022 10:43:34.591 [main] INFO - Initializing ExecutorService 'applicationTaskExecutor'
01.12.2022 10:43:34.688 [task-1] INFO - HHH000204: Processing PersistenceUnitInfo [name: default]
01.12.2022 10:43:34.781 [task-1] INFO - HHH000412: Hibernate ORM core version 5.4.21.Final
01.12.2022 10:43:35.157 [main] WARN - spring.jpa.open-in-view is enabled by default. Therefore, database queries may be performed during view rendering. Explicitly configure spring.jpa.open-in-view to disable this warning
01.12.2022 10:43:35.181 [task-1] INFO - HCANN000001: Hibernate Commons Annotations {5.1.0.Final}
01.12.2022 10:43:35.436 [task-1] INFO - HikariPool-1 - Starting...
01.12.2022 10:43:35.894 [main] INFO - Adding welcome page template: index
01.12.2022 10:43:36.594 [task-1] INFO - HikariPool-1 - Start completed.
01.12.2022 10:43:36.711 [task-1] INFO - HHH000400: Using dialect: org.hibernate.dialect.MySQL8Dialect
01.12.2022 10:43:37.822 [main] INFO - Creating filter chain: any request, [org.springframework.security.web.context.request.async.WebAsyncManagerIntegrationFilter@5a4464c5, org.springframework.security.web.context.SecurityContextPersistenceFilter@4466cf5d, org.springframework.security.web.header.HeaderWriterFilter@10618775, org.springframework.security.web.authentication.logout.LogoutFilter@1d99ee1b, by.slemnev.Clinic.security.jwt.JwtTokenFilter@7ae590f6, org.springframework.security.web.savedrequest.RequestCacheAwareFilter@2450256f, org.springframework.security.web.servletapi.SecurityContextHolderAwareRequestFilter@59328218, org.springframework.security.web.authentication.AnonymousAuthenticationFilter@7ab63838, org.springframework.security.web.session.SessionManagementFilter@720f56e2, org.springframework.security.web.access.ExceptionTranslationFilter@65f3e805, org.springframework.security.web.access.intercept.FilterSecurityInterceptor@4f5c30b1]
01.12.2022 10:43:37.933 [main] INFO - Starting ProtocolHandler ["http-nio-8075"]
01.12.2022 10:43:38.002 [main] INFO - Tomcat started on port(s): 8075 (http) with context path ''
01.12.2022 10:43:38.006 [main] INFO - Triggering deferred initialization of Spring Data repositories…
01.12.2022 10:43:38.742 [task-1] INFO - HHH000490: Using JtaPlatform implementation: [org.hibernate.engine.transaction.jta.platform.internal.NoJtaPlatform]
01.12.2022 10:43:38.759 [task-1] INFO - Initialized JPA EntityManagerFactory for persistence unit 'default'
01.12.2022 10:43:39.530 [main] INFO - Spring Data repositories initialized!
01.12.2022 10:43:39.552 [main] INFO - Started HospitalApplication in 9.664 seconds (JVM running for 11.516)
01.12.2022 10:43:59.947 [http-nio-8075-exec-1] INFO - Initializing Spring DispatcherServlet 'dispatcherServlet'
01.12.2022 10:43:59.948 [http-nio-8075-exec-1] INFO - Initializing Servlet 'dispatcherServlet'
01.12.2022 10:43:59.964 [http-nio-8075-exec-1] INFO - Completed initialization in 16 ms
01.12.2022 10:53:21.514 [SpringContextShutdownHook] INFO - Closing JPA EntityManagerFactory for persistence unit 'default'
01.12.2022 10:53:21.514 [SpringContextShutdownHook] INFO - Shutting down ExecutorService 'applicationTaskExecutor'
01.12.2022 10:53:21.514 [SpringContextShutdownHook] INFO - HikariPool-1 - Shutdown initiated...
01.12.2022 10:53:21.545 [SpringContextShutdownHook] INFO - HikariPool-1 - Shutdown completed.
01.12.2022 10:53:27.437 [background-preinit] INFO - HV000001: Hibernate Validator 5.4.1.Final
01.12.2022 10:53:27.482 [main] INFO - Starting HospitalApplication on VICTORY with PID 18808 (D:\3 kurs\labs\JAVA\js\Hospital\Hospital\target\classes started by VICTORY in D:\3 kurs\labs\JAVA\js\Hospital)
01.12.2022 10:53:27.482 [main] INFO - No active profile set, falling back to default profiles: default
01.12.2022 10:53:29.238 [main] INFO - Bootstrapping Spring Data JPA repositories in DEFERRED mode.
01.12.2022 10:53:29.441 [main] INFO - Finished Spring Data repository scanning in 185ms. Found 9 JPA repository interfaces.
01.12.2022 10:53:30.570 [main] INFO - Tomcat initialized with port(s): 8075 (http)
01.12.2022 10:53:30.585 [main] INFO - Initializing ProtocolHandler ["http-nio-8075"]
01.12.2022 10:53:30.585 [main] INFO - Starting service [Tomcat]
01.12.2022 10:53:30.585 [main] INFO - Starting Servlet engine: [Apache Tomcat/9.0.38]
01.12.2022 10:53:30.935 [main] INFO - Initializing Spring embedded WebApplicationContext
01.12.2022 10:53:30.935 [main] INFO - Root WebApplicationContext: initialization completed in 3312 ms
01.12.2022 10:53:31.271 [main] INFO - Initializing ExecutorService 'applicationTaskExecutor'
01.12.2022 10:53:31.373 [task-1] INFO - HHH000204: Processing PersistenceUnitInfo [name: default]
01.12.2022 10:53:31.452 [task-1] INFO - HHH000412: Hibernate ORM core version 5.4.21.Final
01.12.2022 10:53:31.725 [main] WARN - spring.jpa.open-in-view is enabled by default. Therefore, database queries may be performed during view rendering. Explicitly configure spring.jpa.open-in-view to disable this warning
01.12.2022 10:53:31.725 [task-1] INFO - HCANN000001: Hibernate Commons Annotations {5.1.0.Final}
01.12.2022 10:53:31.889 [task-1] INFO - HikariPool-1 - Starting...
01.12.2022 10:53:32.257 [main] INFO - Adding welcome page template: index
01.12.2022 10:53:32.926 [task-1] INFO - HikariPool-1 - Start completed.
01.12.2022 10:53:33.002 [task-1] INFO - HHH000400: Using dialect: org.hibernate.dialect.MySQL8Dialect
01.12.2022 10:53:34.074 [main] INFO - Creating filter chain: any request, [org.springframework.security.web.context.request.async.WebAsyncManagerIntegrationFilter@33d230ce, org.springframework.security.web.context.SecurityContextPersistenceFilter@65f3e805, org.springframework.security.web.header.HeaderWriterFilter@722531ab, org.springframework.security.web.authentication.logout.LogoutFilter@52621501, by.slemnev.Clinic.security.jwt.JwtTokenFilter@35e74e08, org.springframework.security.web.savedrequest.RequestCacheAwareFilter@10618775, org.springframework.security.web.servletapi.SecurityContextHolderAwareRequestFilter@5e99e2cb, org.springframework.security.web.authentication.AnonymousAuthenticationFilter@a316f6b, org.springframework.security.web.session.SessionManagementFilter@b506ed0, org.springframework.security.web.access.ExceptionTranslationFilter@74fb5b59, org.springframework.security.web.access.intercept.FilterSecurityInterceptor@49cc9b2a]
01.12.2022 10:53:34.171 [main] INFO - Starting ProtocolHandler ["http-nio-8075"]
01.12.2022 10:53:34.240 [main] INFO - Tomcat started on port(s): 8075 (http) with context path ''
01.12.2022 10:53:34.240 [main] INFO - Triggering deferred initialization of Spring Data repositories…
01.12.2022 10:53:34.834 [task-1] INFO - HHH000490: Using JtaPlatform implementation: [org.hibernate.engine.transaction.jta.platform.internal.NoJtaPlatform]
01.12.2022 10:53:34.834 [task-1] INFO - Initialized JPA EntityManagerFactory for persistence unit 'default'
01.12.2022 10:53:35.538 [main] INFO - Spring Data repositories initialized!
01.12.2022 10:53:35.553 [main] INFO - Started HospitalApplication in 8.715 seconds (JVM running for 10.67)
01.12.2022 10:53:40.746 [http-nio-8075-exec-1] INFO - Initializing Spring DispatcherServlet 'dispatcherServlet'
01.12.2022 10:53:40.748 [http-nio-8075-exec-1] INFO - Initializing Servlet 'dispatcherServlet'
01.12.2022 10:53:40.761 [http-nio-8075-exec-1] INFO - Completed initialization in 13 ms
01.12.2022 10:54:16.132 [SpringContextShutdownHook] INFO - Closing JPA EntityManagerFactory for persistence unit 'default'
01.12.2022 10:54:16.132 [SpringContextShutdownHook] INFO - Shutting down ExecutorService 'applicationTaskExecutor'
01.12.2022 10:54:16.132 [SpringContextShutdownHook] INFO - HikariPool-1 - Shutdown initiated...
01.12.2022 10:54:16.162 [SpringContextShutdownHook] INFO - HikariPool-1 - Shutdown completed.
